<?xml version="1.0" encoding="UTF-8"?>
<!-- Generated by org.testng.reporters.JUnitReportReporter -->
<testsuite name="pageFactory.TestPageFactory" tests="2" time="0.002" ignored="0" failures="0" timestamp="28 四月 2020 13:25:08 GMT" skipped="1" hostname="DESKTOP-OQVRCDG" errors="1">
  <testcase name="test_Home_Page_Appear_Correct" time="0.002" classname="pageFactory.TestPageFactory">
    <skipped/>
  </testcase> <!-- test_Home_Page_Appear_Correct -->
  <testcase name="setup" time="0.000" classname="pageFactory.TestPageFactory">
    <error type="org.openqa.selenium.SessionNotCreatedException" message="session not created: This version of ChromeDriver only supports Chrome version 83
Build info: version: &#039;3.141.59&#039;, revision: &#039;e82be7d358&#039;, time: &#039;2018-11-14T08:17:03&#039;
System info: host: &#039;DESKTOP-OQVRCDG&#039;, ip: &#039;192.168.83.1&#039;, os.name: &#039;Windows 10&#039;, os.arch: &#039;amd64&#039;, os.version: &#039;10.0&#039;, java.version: &#039;1.8.0_191&#039;
Driver info: driver.version: ChromeDriver
remote stacktrace: Backtrace:
	Ordinal0 [0x00BB9443+2724931]
	Ordinal0 [0x00AB8421+1672225]
	Ordinal0 [0x009A0339+525113]
	Ordinal0 [0x00930B77+68471]
	Ordinal0 [0x0092D32C+54060]
	Ordinal0 [0x0094CC37+183351]
	Ordinal0 [0x0094CA3D+182845]
	Ordinal0 [0x0094A94B+174411]
	Ordinal0 [0x00932528+75048]
	Ordinal0 [0x009335A0+79264]
	Ordinal0 [0x00933539+79161]
	Ordinal0 [0x00ACD4D7+1758423]
	GetHandleVerifier [0x00CD5D96+1050070]
	GetHandleVerifier [0x00CD5AE1+1049377]
	GetHandleVerifier [0x00CE0927+1093991]
	GetHandleVerifier [0x00CD6396+1051606]
	Ordinal0 [0x00AC59D6+1726934]
	Ordinal0 [0x00ACEA4B+1763915]
	Ordinal0 [0x00ACEBB3+1764275]
	Ordinal0 [0x00AE4AD5+1854165]
	BaseThreadInitThunk [0x76110419+25]
	RtlGetAppContainerNamedObjectPath [0x76FB66DD+237]
	RtlGetAppContainerNamedObjectPath [0x76FB66AD+189]
">
      <![CDATA[org.openqa.selenium.SessionNotCreatedException: session not created: This version of ChromeDriver only supports Chrome version 83
Build info: version: '3.141.59', revision: 'e82be7d358', time: '2018-11-14T08:17:03'
System info: host: 'DESKTOP-OQVRCDG', ip: '192.168.83.1', os.name: 'Windows 10', os.arch: 'amd64', os.version: '10.0', java.version: '1.8.0_191'
Driver info: driver.version: ChromeDriver
remote stacktrace: Backtrace:
	Ordinal0 [0x00BB9443+2724931]
	Ordinal0 [0x00AB8421+1672225]
	Ordinal0 [0x009A0339+525113]
	Ordinal0 [0x00930B77+68471]
	Ordinal0 [0x0092D32C+54060]
	Ordinal0 [0x0094CC37+183351]
	Ordinal0 [0x0094CA3D+182845]
	Ordinal0 [0x0094A94B+174411]
	Ordinal0 [0x00932528+75048]
	Ordinal0 [0x009335A0+79264]
	Ordinal0 [0x00933539+79161]
	Ordinal0 [0x00ACD4D7+1758423]
	GetHandleVerifier [0x00CD5D96+1050070]
	GetHandleVerifier [0x00CD5AE1+1049377]
	GetHandleVerifier [0x00CE0927+1093991]
	GetHandleVerifier [0x00CD6396+1051606]
	Ordinal0 [0x00AC59D6+1726934]
	Ordinal0 [0x00ACEA4B+1763915]
	Ordinal0 [0x00ACEBB3+1764275]
	Ordinal0 [0x00AE4AD5+1854165]
	BaseThreadInitThunk [0x76110419+25]
	RtlGetAppContainerNamedObjectPath [0x76FB66DD+237]
	RtlGetAppContainerNamedObjectPath [0x76FB66AD+189]

	at sun.reflect.NativeConstructorAccessorImpl.newInstance0(Native Method)
	at sun.reflect.NativeConstructorAccessorImpl.newInstance(NativeConstructorAccessorImpl.java:62)
	at sun.reflect.DelegatingConstructorAccessorImpl.newInstance(DelegatingConstructorAccessorImpl.java:45)
	at java.lang.reflect.Constructor.newInstance(Constructor.java:423)
	at org.openqa.selenium.remote.W3CHandshakeResponse.lambda$errorHandler$0(W3CHandshakeResponse.java:62)
	at org.openqa.selenium.remote.HandshakeResponse.lambda$getResponseFunction$0(HandshakeResponse.java:30)
	at org.openqa.selenium.remote.ProtocolHandshake.lambda$createSession$0(ProtocolHandshake.java:126)
	at java.util.stream.ReferencePipeline$3$1.accept(ReferencePipeline.java:193)
	at java.util.Spliterators$ArraySpliterator.tryAdvance(Spliterators.java:958)
	at java.util.stream.ReferencePipeline.forEachWithCancel(ReferencePipeline.java:126)
	at java.util.stream.AbstractPipeline.copyIntoWithCancel(AbstractPipeline.java:498)
	at java.util.stream.AbstractPipeline.copyInto(AbstractPipeline.java:485)
	at java.util.stream.AbstractPipeline.wrapAndCopyInto(AbstractPipeline.java:471)
	at java.util.stream.FindOps$FindOp.evaluateSequential(FindOps.java:152)
	at java.util.stream.AbstractPipeline.evaluate(AbstractPipeline.java:234)
	at java.util.stream.ReferencePipeline.findFirst(ReferencePipeline.java:464)
	at org.openqa.selenium.remote.ProtocolHandshake.createSession(ProtocolHandshake.java:128)
	at org.openqa.selenium.remote.ProtocolHandshake.createSession(ProtocolHandshake.java:74)
	at org.openqa.selenium.remote.HttpCommandExecutor.execute(HttpCommandExecutor.java:136)
	at org.openqa.selenium.remote.service.DriverCommandExecutor.execute(DriverCommandExecutor.java:83)
	at org.openqa.selenium.remote.RemoteWebDriver.execute(RemoteWebDriver.java:552)
	at org.openqa.selenium.remote.RemoteWebDriver.startSession(RemoteWebDriver.java:213)
	at org.openqa.selenium.remote.RemoteWebDriver.<init>(RemoteWebDriver.java:131)
	at org.openqa.selenium.chrome.ChromeDriver.<init>(ChromeDriver.java:181)
	at org.openqa.selenium.chrome.ChromeDriver.<init>(ChromeDriver.java:168)
	at org.openqa.selenium.chrome.ChromeDriver.<init>(ChromeDriver.java:123)
	at pageFactory.TestPageFactory.setup(TestPageFactory.java:22)
	at sun.reflect.NativeMethodAccessorImpl.invoke0(Native Method)
	at sun.reflect.NativeMethodAccessorImpl.invoke(NativeMethodAccessorImpl.java:62)
	at sun.reflect.DelegatingMethodAccessorImpl.invoke(DelegatingMethodAccessorImpl.java:43)
	at java.lang.reflect.Method.invoke(Method.java:498)
	at org.testng.internal.MethodInvocationHelper.invokeMethod(MethodInvocationHelper.java:104)
	at org.testng.internal.Invoker.invokeConfigurationMethod(Invoker.java:515)
	at org.testng.internal.Invoker.invokeConfigurations(Invoker.java:217)
	at org.testng.internal.Invoker.invokeConfigurations(Invoker.java:144)
	at org.testng.TestRunner.beforeRun(TestRunner.java:634)
	at org.testng.TestRunner.run(TestRunner.java:602)
	at org.testng.SuiteRunner.runTest(SuiteRunner.java:387)
	at org.testng.SuiteRunner.runSequentially(SuiteRunner.java:382)
	at org.testng.SuiteRunner.privateRun(SuiteRunner.java:340)
	at org.testng.SuiteRunner.run(SuiteRunner.java:289)
	at org.testng.SuiteRunnerWorker.runSuite(SuiteRunnerWorker.java:52)
	at org.testng.SuiteRunnerWorker.run(SuiteRunnerWorker.java:86)
	at org.testng.TestNG.runSuitesSequentially(TestNG.java:1293)
	at org.testng.TestNG.runSuitesLocally(TestNG.java:1218)
	at org.testng.TestNG.runSuites(TestNG.java:1133)
	at org.testng.TestNG.run(TestNG.java:1104)
	at org.testng.remote.AbstractRemoteTestNG.run(AbstractRemoteTestNG.java:115)
	at org.testng.remote.RemoteTestNG.initAndRun(RemoteTestNG.java:251)
	at org.testng.remote.RemoteTestNG.main(RemoteTestNG.java:77)
]]>
    </error>
  </testcase> <!-- setup -->
</testsuite> <!-- pageFactory.TestPageFactory -->
